2022-07-09 21:14:43-log: [Package] menu@1.0.0 enable
2022-07-09 21:14:43-log: [Package] profile@1.0.0 enable
2022-07-09 21:14:43-log: [Package] project@1.0.1 enable
2022-07-09 21:14:43-log: [Package] messages@1.0.0 enable
2022-07-09 21:14:43-log: [Package] program@1.0.0 enable
2022-07-09 21:14:43-log: [Package] device@1.0.1 enable
2022-07-09 21:14:43-log: [Package] ui-kit@1.0.1 enable
2022-07-09 21:14:43-log: [Package] tester@1.0.0 enable
2022-07-09 21:14:43-log: [Package] preferences@1.0.0 enable
2022-07-09 21:14:44-log: Setup mods mgr.: 242.129ms
2022-07-09 21:14:44-log: Profile changed: engine (modules.includeModules: 2d,audio,base,dragon-bones,gfx-webgl,gfx-webgl2,intersection-2d,marionette,particle-2d,physics-2d-box2d,profiler,spine,tiled-map,tween,ui,video,webview)
2022-07-09 21:14:44-log: [Package] engine@1.0.5 enable
2022-07-09 21:14:46-log: [Package] programming@1.0.0 enable
2022-07-09 21:14:46-log: [Package] engine-extends@1.0.0 enable
2022-07-09 21:14:46-log: [Package] asset-db@1.0.0 enable
2022-07-09 21:14:46-log: [Package] console@1.0.0 enable
2022-07-09 21:14:46-log: [Package] scene@1.0.0 enable
2022-07-09 21:14:46-log: [Package] about@1.0.0 enable
2022-07-09 21:14:47-log: [Package] server@1.0.0 enable
2022-07-09 21:14:47-log: [Package] utils@1.0.0 enable
2022-07-09 21:14:47-log: [Package] assets@1.0.0 enable
2022-07-09 21:14:47-log: [Package] inspector@1.0.0 enable
2022-07-09 21:14:47-log: [Package] hierarchy@1.0.0 enable
2022-07-09 21:14:48-log: [Package] preview@1.0.1 enable
2022-07-09 21:14:48-log: [Package] animator@1.0.0 enable
2022-07-09 21:14:49-log: Profile changed: builder (log.level: 4)
2022-07-09 21:14:49-log: [Package] builder@1.3.1 enable
2022-07-09 21:14:49-log: [Package] node-library@1.0.0 enable
2022-07-09 21:14:49-log: [Package] shortcuts@1.0.1 enable
2022-07-09 21:14:49-log: [Package] package-asset@1.0.0 enable
2022-07-09 21:14:49-log: [Package] reference-image@1.0.0 enable
2022-07-09 21:14:49-log: [Package] animation-graph@1.0.0 enable
2022-07-09 21:14:49-log: [Package] channel-upload-tools@1.0.0 enable
2022-07-09 21:14:49-log: [Package] runtime-dev-tools@1.0.0 enable
2022-07-09 21:14:49-log: [Package] lightmap@1.0.4 enable
2022-07-09 21:14:49-log: [Package] alipay-mini-game@1.0.0 enable
2022-07-09 21:14:49-log: [Package] android@1.0.0 enable
2022-07-09 21:14:49-log: [Package] baidu-mini-game@1.0.0 enable
2022-07-09 21:14:49-log: [Package] bytedance-mini-game@1.0.1 enable
2022-07-09 21:14:49-log: [Package] huawei-agc@1.0.0 enable
2022-07-09 21:14:49-log: [Package] ios@1.0.0 enable
2022-07-09 21:14:50-log: [Package] ios-app-clip@1.0.0 enable
2022-07-09 21:14:50-log: [Package] mac@1.0.0 enable
2022-07-09 21:14:50-log: [Package] native@1.0.0 enable
2022-07-09 21:14:50-log: [Package] ohos@1.0.0 enable
2022-07-09 21:14:50-log: [Package] web-desktop@1.0.0 enable
2022-07-09 21:14:50-log: [Package] web-mobile@1.0.0 enable
2022-07-09 21:14:50-log: [Package] wechatgame@1.0.1 enable
2022-07-09 21:14:50-log: [Package] windows@1.0.0 enable
2022-07-09 21:14:50-log: [Package] xiaomi-quick-game@1.0.0 enable
2022-07-09 21:14:50-log: [Package] cocos-play@1.0.0 enable
2022-07-09 21:14:50-log: [Package] huawei-quick-game@1.0.0 enable
2022-07-09 21:14:50-log: [Package] link-sure@1.0.0 enable
2022-07-09 21:14:50-log: [Package] oppo-mini-game@1.0.0 enable
2022-07-09 21:14:50-log: [Package] qtt@1.0.0 enable
2022-07-09 21:14:50-log: [Package] vivo-mini-game@1.0.0 enable
2022-07-09 21:14:50-log: [Package] cocos-service@3.0.2 enable
2022-07-09 21:14:50-log: [Package] importer@1.0.0 enable
2022-07-09 21:14:51-log: [Package] extension@3.0.15 enable
2022-07-09 21:14:51-log: [Im-plugin] Check im-plugin version.
2022-07-09 21:14:51-log: [Package] im-plugin@3.0.8 enable
2022-07-09 21:14:52-log: [Im-plugin] No online info of im-plugin.
2022-07-09 21:14:57-warn: Browserslist: caniuse-lite is outdated. Please run:
npx browserslist@latest --update-db

Why you should do it regularly:
https://github.com/browserslist/browserslist#browsers-data-updating
2022-07-09 21:14:57-log: [Scene] Cocos Creator v3.4.2
2022-07-09 21:14:57-info: [Scene] Forward render pipeline initialized.
2022-07-09 21:16:02-error: [Preview]Uncaught TypeError: Cannot set properties of null (setting 'active') in http://localhost:7456/scripting/x/mods/fs/0/assets/Scripts/startButtonManager.js
2022-07-09 21:16:05-error: [Preview]Uncaught TypeError: Cannot set properties of null (setting 'active') in http://localhost:7456/scripting/x/mods/fs/0/assets/Scripts/startButtonManager.js
2022-07-09 21:16:06-error: [Preview]Uncaught TypeError: Cannot set properties of null (setting 'active') in http://localhost:7456/scripting/x/mods/fs/0/assets/Scripts/startButtonManager.js
2022-07-09 21:16:06-error: [Preview]Uncaught TypeError: Cannot set properties of null (setting 'active') in http://localhost:7456/scripting/x/mods/fs/0/assets/Scripts/startButtonManager.js
2022-07-09 21:46:26-error: [Scene] Widget target must be one of the parent nodes of it
2022-07-09 21:46:30-error: [Scene] Widget target must be one of the parent nodes of it
