debug: Sat, 09 Jul 2022 13:14:46 GMT
debug: Project: C:\Users\Administrator\Desktop\Cocos-FlipBird
debug: Targets: editor,preview
debug: Packer deriver version file lost or format incorrect: Error: ENOENT: no such file or directory, open 'C:\Users\Administrator\Desktop\Cocos-FlipBird\temp\programming\packer-driver\VERSION'
debug: Clearing out the targets...
debug: Engine path: D:\Cocos\CocosDashboard\resources\.editors\Creator\3.4.2\resources\resources\3d\engine
debug: Initializing target [Editor]
debug: Loading cache
debug: Module record file loaded failed with error: Error: ENOENT: no such file or directory, open 'C:\Users\Administrator\Desktop\Cocos-FlipBird\temp\programming\packer-driver\targets\editor\modules.json'
debug: Loading cache costs 0.4609999656677246ms.
debug: Engine features shipped in editor: base,gfx-webgl,gfx-webgl2,3d,2d,ui,particle,particle-2d,physics-framework,physics-2d-framework,intersection-2d,primitive,profiler,audio,video,terrain,webview,tween,tiled-map,spine,dragon-bones,marionette
debug: Initializing target [Preview]
debug: Loading cache
debug: Module record file loaded failed with error: Error: ENOENT: no such file or directory, open 'C:\Users\Administrator\Desktop\Cocos-FlipBird\temp\programming\packer-driver\targets\preview\modules.json'
debug: Loading cache costs 0.4037001132965088ms.
debug: Sync engine features: 2d,audio,base,dragon-bones,gfx-webgl,gfx-webgl2,intersection-2d,marionette,particle-2d,physics-2d-box2d,profiler,spine,tiled-map,tween,ui,video,webview
debug: Pulling asset-db.
debug: Fetch asset-db cost: 8.009299993515015ms.
debug: Build iteration starts.
Number of accumulated asset changes: 3
Feature changed: false
debug: Target(editor) build started.
debug: Inspect cce:/internal/x/cc
debug: Resolve cce:/internal/x/cc-fu/base from cce:/internal/x/cc as external dependency cce:/internal/x/cc-fu/base.
debug: Resolve cce:/internal/x/cc-fu/gfx-webgl from cce:/internal/x/cc as external dependency cce:/internal/x/cc-fu/gfx-webgl.
debug: Resolve cce:/internal/x/cc-fu/gfx-webgl2 from cce:/internal/x/cc as external dependency cce:/internal/x/cc-fu/gfx-webgl2.
debug: Resolve cce:/internal/x/cc-fu/3d from cce:/internal/x/cc as external dependency cce:/internal/x/cc-fu/3d.
debug: Resolve cce:/internal/x/cc-fu/2d from cce:/internal/x/cc as external dependency cce:/internal/x/cc-fu/2d.
debug: Resolve cce:/internal/x/cc-fu/ui from cce:/internal/x/cc as external dependency cce:/internal/x/cc-fu/ui.
debug: Resolve cce:/internal/x/cc-fu/particle from cce:/internal/x/cc as external dependency cce:/internal/x/cc-fu/particle.
debug: Resolve cce:/internal/x/cc-fu/particle-2d from cce:/internal/x/cc as external dependency cce:/internal/x/cc-fu/particle-2d.
debug: Resolve cce:/internal/x/cc-fu/physics-framework from cce:/internal/x/cc as external dependency cce:/internal/x/cc-fu/physics-framework.
debug: Resolve cce:/internal/x/cc-fu/physics-2d-framework from cce:/internal/x/cc as external dependency cce:/internal/x/cc-fu/physics-2d-framework.
debug: Resolve cce:/internal/x/cc-fu/intersection-2d from cce:/internal/x/cc as external dependency cce:/internal/x/cc-fu/intersection-2d.
debug: Resolve cce:/internal/x/cc-fu/primitive from cce:/internal/x/cc as external dependency cce:/internal/x/cc-fu/primitive.
debug: Resolve cce:/internal/x/cc-fu/profiler from cce:/internal/x/cc as external dependency cce:/internal/x/cc-fu/profiler.
debug: Resolve cce:/internal/x/cc-fu/audio from cce:/internal/x/cc as external dependency cce:/internal/x/cc-fu/audio.
debug: Resolve cce:/internal/x/cc-fu/video from cce:/internal/x/cc as external dependency cce:/internal/x/cc-fu/video.
debug: Resolve cce:/internal/x/cc-fu/terrain from cce:/internal/x/cc as external dependency cce:/internal/x/cc-fu/terrain.
debug: Resolve cce:/internal/x/cc-fu/webview from cce:/internal/x/cc as external dependency cce:/internal/x/cc-fu/webview.
debug: Resolve cce:/internal/x/cc-fu/tween from cce:/internal/x/cc as external dependency cce:/internal/x/cc-fu/tween.
debug: Resolve cce:/internal/x/cc-fu/tiled-map from cce:/internal/x/cc as external dependency cce:/internal/x/cc-fu/tiled-map.
debug: Resolve cce:/internal/x/cc-fu/spine from cce:/internal/x/cc as external dependency cce:/internal/x/cc-fu/spine.
debug: Resolve cce:/internal/x/cc-fu/dragon-bones from cce:/internal/x/cc as external dependency cce:/internal/x/cc-fu/dragon-bones.
debug: Inspect cce:/internal/x/prerequisite-imports
debug: Resolve file:///C:/Users/Administrator/Desktop/Cocos-FlipBird/assets/Scripts/Scroller.ts from cce:/internal/x/prerequisite-imports as file:///C:/Users/Administrator/Desktop/Cocos-FlipBird/assets/Scripts/Scroller.ts.
debug: Resolve file:///C:/Users/Administrator/Desktop/Cocos-FlipBird/assets/Scripts/startButtonManager.ts from cce:/internal/x/prerequisite-imports as file:///C:/Users/Administrator/Desktop/Cocos-FlipBird/assets/Scripts/startButtonManager.ts.
debug: Resolve file:///C:/Users/Administrator/Desktop/Cocos-FlipBird/assets/Scripts/bird.ts from cce:/internal/x/prerequisite-imports as file:///C:/Users/Administrator/Desktop/Cocos-FlipBird/assets/Scripts/bird.ts.
debug: Inspect file:///C:/Users/Administrator/Desktop/Cocos-FlipBird/assets/Scripts/Scroller.ts
debug: Inspect file:///C:/Users/Administrator/Desktop/Cocos-FlipBird/assets/Scripts/startButtonManager.ts
debug: Inspect file:///C:/Users/Administrator/Desktop/Cocos-FlipBird/assets/Scripts/bird.ts
debug: Resolve cc from file:///C:/Users/Administrator/Desktop/Cocos-FlipBird/assets/Scripts/Scroller.ts as cce:/internal/x/cc.
debug: Resolve cc from file:///C:/Users/Administrator/Desktop/Cocos-FlipBird/assets/Scripts/Scroller.ts as cce:/internal/x/cc.
debug: Resolve cc from file:///C:/Users/Administrator/Desktop/Cocos-FlipBird/assets/Scripts/startButtonManager.ts as cce:/internal/x/cc.
debug: Resolve cc from file:///C:/Users/Administrator/Desktop/Cocos-FlipBird/assets/Scripts/startButtonManager.ts as cce:/internal/x/cc.
debug: Resolve cc from file:///C:/Users/Administrator/Desktop/Cocos-FlipBird/assets/Scripts/bird.ts as cce:/internal/x/cc.
debug: Resolve cc from file:///C:/Users/Administrator/Desktop/Cocos-FlipBird/assets/Scripts/bird.ts as cce:/internal/x/cc.
debug: Target(editor) ends with cost 272.5044000148773ms.
debug: Target(preview) build started.
debug: Inspect cce:/internal/x/cc
debug: Resolve cce:/internal/x/cc-fu/2d from cce:/internal/x/cc as external dependency cce:/internal/x/cc-fu/2d.
debug: Resolve cce:/internal/x/cc-fu/audio from cce:/internal/x/cc as external dependency cce:/internal/x/cc-fu/audio.
debug: Resolve cce:/internal/x/cc-fu/base from cce:/internal/x/cc as external dependency cce:/internal/x/cc-fu/base.
debug: Resolve cce:/internal/x/cc-fu/dragon-bones from cce:/internal/x/cc as external dependency cce:/internal/x/cc-fu/dragon-bones.
debug: Resolve cce:/internal/x/cc-fu/gfx-webgl from cce:/internal/x/cc as external dependency cce:/internal/x/cc-fu/gfx-webgl.
debug: Resolve cce:/internal/x/cc-fu/gfx-webgl2 from cce:/internal/x/cc as external dependency cce:/internal/x/cc-fu/gfx-webgl2.
debug: Resolve cce:/internal/x/cc-fu/intersection-2d from cce:/internal/x/cc as external dependency cce:/internal/x/cc-fu/intersection-2d.
debug: Resolve cce:/internal/x/cc-fu/particle-2d from cce:/internal/x/cc as external dependency cce:/internal/x/cc-fu/particle-2d.
debug: Resolve cce:/internal/x/cc-fu/physics-2d-box2d from cce:/internal/x/cc as external dependency cce:/internal/x/cc-fu/physics-2d-box2d.
debug: Resolve cce:/internal/x/cc-fu/physics-2d-framework from cce:/internal/x/cc as external dependency cce:/internal/x/cc-fu/physics-2d-framework.
debug: Resolve cce:/internal/x/cc-fu/profiler from cce:/internal/x/cc as external dependency cce:/internal/x/cc-fu/profiler.
debug: Resolve cce:/internal/x/cc-fu/spine from cce:/internal/x/cc as external dependency cce:/internal/x/cc-fu/spine.
debug: Resolve cce:/internal/x/cc-fu/tiled-map from cce:/internal/x/cc as external dependency cce:/internal/x/cc-fu/tiled-map.
debug: Resolve cce:/internal/x/cc-fu/tween from cce:/internal/x/cc as external dependency cce:/internal/x/cc-fu/tween.
debug: Resolve cce:/internal/x/cc-fu/ui from cce:/internal/x/cc as external dependency cce:/internal/x/cc-fu/ui.
debug: Resolve cce:/internal/x/cc-fu/video from cce:/internal/x/cc as external dependency cce:/internal/x/cc-fu/video.
debug: Resolve cce:/internal/x/cc-fu/webview from cce:/internal/x/cc as external dependency cce:/internal/x/cc-fu/webview.
debug: Inspect cce:/internal/x/prerequisite-imports
debug: Resolve file:///C:/Users/Administrator/Desktop/Cocos-FlipBird/assets/Scripts/Scroller.ts from cce:/internal/x/prerequisite-imports as file:///C:/Users/Administrator/Desktop/Cocos-FlipBird/assets/Scripts/Scroller.ts.
debug: Resolve file:///C:/Users/Administrator/Desktop/Cocos-FlipBird/assets/Scripts/bird.ts from cce:/internal/x/prerequisite-imports as file:///C:/Users/Administrator/Desktop/Cocos-FlipBird/assets/Scripts/bird.ts.
debug: Resolve file:///C:/Users/Administrator/Desktop/Cocos-FlipBird/assets/Scripts/startButtonManager.ts from cce:/internal/x/prerequisite-imports as file:///C:/Users/Administrator/Desktop/Cocos-FlipBird/assets/Scripts/startButtonManager.ts.
debug: Inspect file:///C:/Users/Administrator/Desktop/Cocos-FlipBird/assets/Scripts/Scroller.ts
debug: Inspect file:///C:/Users/Administrator/Desktop/Cocos-FlipBird/assets/Scripts/bird.ts
debug: Inspect file:///C:/Users/Administrator/Desktop/Cocos-FlipBird/assets/Scripts/startButtonManager.ts
debug: Resolve cc from file:///C:/Users/Administrator/Desktop/Cocos-FlipBird/assets/Scripts/Scroller.ts as cce:/internal/x/cc.
debug: Resolve cc from file:///C:/Users/Administrator/Desktop/Cocos-FlipBird/assets/Scripts/Scroller.ts as cce:/internal/x/cc.
debug: Resolve cc from file:///C:/Users/Administrator/Desktop/Cocos-FlipBird/assets/Scripts/bird.ts as cce:/internal/x/cc.
debug: Resolve cc from file:///C:/Users/Administrator/Desktop/Cocos-FlipBird/assets/Scripts/bird.ts as cce:/internal/x/cc.
debug: Resolve cc from file:///C:/Users/Administrator/Desktop/Cocos-FlipBird/assets/Scripts/startButtonManager.ts as cce:/internal/x/cc.
debug: Resolve cc from file:///C:/Users/Administrator/Desktop/Cocos-FlipBird/assets/Scripts/startButtonManager.ts as cce:/internal/x/cc.
debug: Target(preview) ends with cost 166.57049989700317ms.
